2025-10-25 22:21:06,736 - INFO - Succesfully read yaml file
2025-10-25 22:21:49,644 - INFO - Succesfully read yaml file
2025-10-25 22:23:04,211 - INFO - Succesfully read yaml file
2025-10-25 22:24:02,388 - INFO - Succesfully read yaml file
2025-10-25 22:24:02,388 - INFO - Data ingestion started with bucket17052004 and Hotel_Reservations.csv
2025-10-25 22:24:02,388 - INFO - Starting data ingestion
2025-10-25 22:24:08,535 - ERROR - failed to download data from gcp
2025-10-25 22:24:08,535 - ERROR - Original error: 404 GET https://storage.googleapis.com/download/storage/v1/b/bucket17052004/o/Hotel_Reservations.csv?alt=media: The requested project was not found.: ('Request failed with status code', 404, 'Expected one of', <HTTPStatus.OK: 200>, <HTTPStatus.PARTIAL_CONTENT: 206>)
2025-10-25 22:24:08,551 - ERROR - CustomException : Error in c:\Laukik\MLOps\Hotel-reservation\src\data_ingestion.py, in 30 : failed to download data
2025-10-25 22:24:08,551 - INFO - Data ingestion Completed
2025-10-25 22:26:41,336 - INFO - Succesfully read yaml file
2025-10-25 22:26:41,336 - INFO - Data ingestion started with bucket17052004 and Hotel_Reservations.csv
2025-10-25 22:26:41,336 - INFO - Starting data ingestion
2025-10-25 22:26:45,487 - ERROR - failed to download data from gcp
2025-10-25 22:26:45,489 - ERROR - Original error: 404 GET https://storage.googleapis.com/download/storage/v1/b/bucket17052004/o/Hotel_Reservations.csv?alt=media: The requested project was not found.: ('Request failed with status code', 404, 'Expected one of', <HTTPStatus.OK: 200>, <HTTPStatus.PARTIAL_CONTENT: 206>)
2025-10-25 22:26:45,489 - ERROR - CustomException : Error in c:\Laukik\MLOps\Hotel-reservation\src\data_ingestion.py, in 31 : failed to download data
2025-10-25 22:26:45,489 - INFO - Data ingestion Completed
2025-10-25 22:30:22,503 - INFO - Succesfully read yaml file
2025-10-25 22:30:22,503 - INFO - Data ingestion started with  bucket17052004 and Hotel_Reservations.csv
2025-10-25 22:30:22,503 - INFO - Starting data ingestion
2025-10-25 22:30:25,115 - ERROR - failed to download data from gcp
2025-10-25 22:30:25,115 - ERROR - Original error: Bucket names must start and end with a number or letter.
2025-10-25 22:30:25,115 - ERROR - CustomException : Error in c:\Laukik\MLOps\Hotel-reservation\src\data_ingestion.py, in 28 : failed to download data
2025-10-25 22:30:25,115 - INFO - Data ingestion Completed
2025-10-25 22:30:49,224 - INFO - Succesfully read yaml file
2025-10-25 22:30:49,224 - INFO - Data ingestion started with bucket17052004 and Hotel_Reservations.csv
2025-10-25 22:30:49,224 - INFO - Starting data ingestion
2025-10-25 22:30:53,108 - ERROR - failed to download data from gcp
2025-10-25 22:30:53,108 - ERROR - Original error: 404 GET https://storage.googleapis.com/download/storage/v1/b/bucket17052004/o/Hotel_Reservations.csv?alt=media: The requested project was not found.: ('Request failed with status code', 404, 'Expected one of', <HTTPStatus.OK: 200>, <HTTPStatus.PARTIAL_CONTENT: 206>)
2025-10-25 22:30:53,108 - ERROR - CustomException : Error in c:\Laukik\MLOps\Hotel-reservation\src\data_ingestion.py, in 31 : failed to download data
2025-10-25 22:30:53,108 - INFO - Data ingestion Completed
2025-10-25 22:32:32,622 - INFO - Succesfully read yaml file
2025-10-25 22:32:32,622 - INFO - Data ingestion started with bucket17052004 and Hotel_Reservations.csv
2025-10-25 22:32:32,622 - INFO - Starting data ingestion
2025-10-25 22:32:36,626 - ERROR - failed to download data from gcp
2025-10-25 22:32:36,626 - ERROR - Original error: 404 GET https://storage.googleapis.com/download/storage/v1/b/bucket17052004/o/Hotel_Reservations.csv?alt=media: The requested project was not found.: ('Request failed with status code', 404, 'Expected one of', <HTTPStatus.OK: 200>, <HTTPStatus.PARTIAL_CONTENT: 206>)
2025-10-25 22:32:36,626 - ERROR - CustomException : Error in c:\Laukik\MLOps\Hotel-reservation\src\data_ingestion.py, in 31 : failed to download data
2025-10-25 22:32:36,626 - INFO - Data ingestion Completed
2025-10-25 22:32:56,718 - INFO - Succesfully read yaml file
2025-10-25 22:32:56,733 - INFO - Data ingestion started with bucket17052004 and Hotel_Reservations
2025-10-25 22:32:56,735 - INFO - Starting data ingestion
2025-10-25 22:33:00,796 - ERROR - failed to download data from gcp
2025-10-25 22:33:00,796 - ERROR - Original error: 404 GET https://storage.googleapis.com/download/storage/v1/b/bucket17052004/o/Hotel_Reservations?alt=media: The requested project was not found.: ('Request failed with status code', 404, 'Expected one of', <HTTPStatus.OK: 200>, <HTTPStatus.PARTIAL_CONTENT: 206>)
2025-10-25 22:33:00,796 - ERROR - CustomException : Error in c:\Laukik\MLOps\Hotel-reservation\src\data_ingestion.py, in 31 : failed to download data
2025-10-25 22:33:00,796 - INFO - Data ingestion Completed
2025-10-25 22:38:19,620 - INFO - Succesfully read yaml file
2025-10-25 22:38:19,620 - INFO - Data ingestion started with bucket17052004 and Hotel_Reservations.csv
2025-10-25 22:38:19,620 - INFO - Starting data ingestion
2025-10-25 22:38:23,431 - INFO - File successfully saved in artifacts/raw\raw.csv
2025-10-25 22:38:23,431 - INFO - Started with train test split
2025-10-25 22:38:23,726 - INFO - data saved in artifacts/raw
2025-10-25 22:38:23,728 - INFO - Data ingestion done
2025-10-25 22:38:23,730 - INFO - Data ingestion Completed
2025-10-25 22:38:57,280 - INFO - Succesfully read yaml file
2025-10-25 22:38:57,280 - INFO - Data ingestion started with bucket17052004 and Hotel_Reservations.csv
2025-10-25 22:38:57,280 - INFO - Starting data ingestion
2025-10-25 22:39:03,031 - INFO - File successfully saved in artifacts/raw\raw.csv
2025-10-25 22:39:03,031 - INFO - Started with train test split
2025-10-25 22:39:03,281 - INFO - data saved in artifacts/raw
2025-10-25 22:39:03,281 - INFO - Data ingestion done
2025-10-25 22:39:03,281 - INFO - Data ingestion Completed
